0 info it worked if it ends with ok
1 verbose cli [ '/usr/local/Cellar/node/4.2.1/bin/node',
1 verbose cli   '/usr/local/bin/npm',
1 verbose cli   'publish' ]
2 info using npm@2.14.7
3 info using node@v4.2.1
4 verbose publish [ '.' ]
5 silly cache add args [ '.', null ]
6 verbose cache add spec .
7 silly cache add parsed spec Result {
7 silly cache add   raw: '.',
7 silly cache add   scope: null,
7 silly cache add   name: null,
7 silly cache add   rawSpec: '.',
7 silly cache add   spec: '/Users/rberanek/src/new/cordova-plugin-webserver',
7 silly cache add   type: 'directory' }
8 verbose addLocalDirectory /Users/rberanek/.npm/cordova-plugin-webserver/1.0.3/package.tgz not in flight; packing
9 verbose tar pack [ '/Users/rberanek/.npm/cordova-plugin-webserver/1.0.3/package.tgz',
9 verbose tar pack   '/Users/rberanek/src/new/cordova-plugin-webserver' ]
10 verbose tarball /Users/rberanek/.npm/cordova-plugin-webserver/1.0.3/package.tgz
11 verbose folder /Users/rberanek/src/new/cordova-plugin-webserver
12 info prepublish cordova-plugin-webserver@1.0.3
13 verbose addLocalTarball adding from inside cache /Users/rberanek/.npm/cordova-plugin-webserver/1.0.3/package.tgz
14 silly cache afterAdd cordova-plugin-webserver@1.0.3
15 verbose afterAdd /Users/rberanek/.npm/cordova-plugin-webserver/1.0.3/package/package.json not in flight; writing
16 verbose afterAdd /Users/rberanek/.npm/cordova-plugin-webserver/1.0.3/package/package.json written
17 silly publish { name: 'cordova-plugin-webserver',
17 silly publish   version: '1.0.3',
17 silly publish   description: 'Cordova WebServer Plugin',
17 silly publish   cordova: { id: 'gina-plugin-webserver', platforms: [ 'ios' ] },
17 silly publish   repository:
17 silly publish    { type: 'git',
17 silly publish      url: 'git+https://github.com/curlydj/cordova-plugin-webserver.git' },
17 silly publish   keywords: [ 'cordova', 'webserver', 'ecosystem:cordova', 'cordova-ios' ],
17 silly publish   engines: [ { name: 'cordova', version: '>=3.0.0' } ],
17 silly publish   author: { name: 'Telerik' },
17 silly publish   license: 'MIT',
17 silly publish   bugs: { url: 'https://github.com/curlydj/cordova-plugin-webserver/issues' },
17 silly publish   homepage: 'https://github.com/curlydj/cordova-plugin-webserver#readme',
17 silly publish   readme: '# cordova-plugin-webserver\ncordova-plugin-webserver\n',
17 silly publish   readmeFilename: 'README.md',
17 silly publish   gitHead: '977a666ed8481a76c14d8341b6da2ef10a6dd1eb',
17 silly publish   _id: 'cordova-plugin-webserver@1.0.3',
17 silly publish   scripts: {},
17 silly publish   _shasum: '58bd18c9b95f0bf47c4c71bc6a95bf779e7dd974',
17 silly publish   _from: '.' }
18 verbose getPublishConfig undefined
19 silly mapToRegistry name cordova-plugin-webserver
20 silly mapToRegistry using default registry
21 silly mapToRegistry registry https://registry.npmjs.org/
22 silly mapToRegistry uri https://registry.npmjs.org/cordova-plugin-webserver
23 verbose publish registryBase https://registry.npmjs.org/
24 silly publish uploading /Users/rberanek/.npm/cordova-plugin-webserver/1.0.3/package.tgz
25 verbose request uri https://registry.npmjs.org/cordova-plugin-webserver
26 verbose request sending authorization for write operation
27 info attempt registry request try #1 at 3:23:11 AM
28 verbose request using bearer token for auth
29 verbose request id 3088811e6d4c1f27
30 http request PUT https://registry.npmjs.org/cordova-plugin-webserver
31 http 403 https://registry.npmjs.org/cordova-plugin-webserver
32 verbose headers { 'content-type': 'application/json',
32 verbose headers   'cache-control': 'max-age=60',
32 verbose headers   'content-length': '116',
32 verbose headers   'accept-ranges': 'bytes',
32 verbose headers   date: 'Mon, 02 Nov 2015 02:23:51 GMT',
32 verbose headers   via: '1.1 varnish',
32 verbose headers   connection: 'keep-alive',
32 verbose headers   'x-served-by': 'cache-fra1244-FRA',
32 verbose headers   'x-cache': 'MISS',
32 verbose headers   'x-cache-hits': '0',
32 verbose headers   'x-timer': 'S1446430994.316348,VS0,VE37057' }
33 verbose request invalidating /Users/rberanek/.npm/registry.npmjs.org/cordova-plugin-webserver on PUT
34 error publish Failed PUT 403
35 verbose stack Error: You do not have permission to publish 'cordova-plugin-webserver'. Are you logged in as the correct user? : cordova-plugin-webserver
35 verbose stack     at makeError (/usr/local/lib/node_modules/npm/node_modules/npm-registry-client/lib/request.js:264:12)
35 verbose stack     at CachingRegistryClient.<anonymous> (/usr/local/lib/node_modules/npm/node_modules/npm-registry-client/lib/request.js:252:14)
35 verbose stack     at Request._callback (/usr/local/lib/node_modules/npm/node_modules/npm-registry-client/lib/request.js:172:14)
35 verbose stack     at Request.self.callback (/usr/local/lib/node_modules/npm/node_modules/request/request.js:198:22)
35 verbose stack     at emitTwo (events.js:87:13)
35 verbose stack     at Request.emit (events.js:172:7)
35 verbose stack     at Request.<anonymous> (/usr/local/lib/node_modules/npm/node_modules/request/request.js:1063:14)
35 verbose stack     at emitOne (events.js:82:20)
35 verbose stack     at Request.emit (events.js:169:7)
35 verbose stack     at IncomingMessage.<anonymous> (/usr/local/lib/node_modules/npm/node_modules/request/request.js:1009:12)
36 verbose statusCode 403
37 verbose pkgid cordova-plugin-webserver
38 verbose cwd /Users/rberanek/src/new/cordova-plugin-webserver
39 error Darwin 15.0.0
40 error argv "/usr/local/Cellar/node/4.2.1/bin/node" "/usr/local/bin/npm" "publish"
41 error node v4.2.1
42 error npm  v2.14.7
43 error code E403
44 error You do not have permission to publish 'cordova-plugin-webserver'. Are you logged in as the correct user? : cordova-plugin-webserver
45 error If you need help, you may report this error at:
45 error     <https://github.com/npm/npm/issues>
46 verbose exit [ 1, true ]
